2023-11-11 19:03:36.161  INFO 20634 --- [main] co.edu.javeriana.tg.TgApplication        : Starting TgApplication using Java 21.0.1 on nabu with PID 20634 (/Users/nabu/Documents/GitHub/TG/Backend/CTAI/CP_Factory/target/classes started by nabu in /Users/nabu/Documents/GitHub/TG/Backend/CTAI/CP_Factory)
2023-11-11 19:03:36.174  INFO 20634 --- [main] co.edu.javeriana.tg.TgApplication        : The following 1 profile is active: "prod"
2023-11-11 19:03:37.301  INFO 20634 --- [main] .s.d.r.c.RepositoryConfigurationDelegate : Bootstrapping Spring Data JPA repositories in DEFAULT mode.
2023-11-11 19:03:37.436  INFO 20634 --- [main] .s.d.r.c.RepositoryConfigurationDelegate : Finished Spring Data repository scanning in 122 ms. Found 23 JPA repository interfaces.
2023-11-11 19:03:38.243  INFO 20634 --- [main] o.s.b.w.embedded.tomcat.TomcatWebServer  : Tomcat initialized with port(s): 8080 (http)
2023-11-11 19:03:38.257  INFO 20634 --- [main] o.apache.catalina.core.StandardService   : Starting service [Tomcat]
2023-11-11 19:03:38.257  INFO 20634 --- [main] org.apache.catalina.core.StandardEngine  : Starting Servlet engine: [Apache Tomcat/9.0.80]
2023-11-11 19:03:38.387  INFO 20634 --- [main] o.a.c.c.C.[Tomcat].[localhost].[/]       : Initializing Spring embedded WebApplicationContext
2023-11-11 19:03:38.387  INFO 20634 --- [main] w.s.c.ServletWebServerApplicationContext : Root WebApplicationContext: initialization completed in 2148 ms
2023-11-11 19:03:38.563 DEBUG 20634 --- [main] o.springframework.web.filter.CorsFilter  : Filter 'corsFilter' configured for use
2023-11-11 19:03:38.609  INFO 20634 --- [MLog-Init-Reporter] com.mchange.v2.log.MLog                  : MLog clients using slf4j logging.
2023-11-11 19:03:38.646  INFO 20634 --- [main] com.mchange.v2.c3p0.C3P0Registry         : Initializing c3p0-0.9.5.5 [built 11-December-2019 22:18:33 -0800; debug? true; trace: 10]
2023-11-11 19:03:38.972  INFO 20634 --- [main] o.hibernate.jpa.internal.util.LogHelper  : HHH000204: Processing PersistenceUnitInfo [name: default]
2023-11-11 19:03:39.072  INFO 20634 --- [main] org.hibernate.Version                    : HHH000412: Hibernate ORM core version 5.6.15.Final
2023-11-11 19:03:39.299  INFO 20634 --- [main] o.hibernate.annotations.common.Version   : HCANN000001: Hibernate Commons Annotations {5.1.2.Final}
2023-11-11 19:03:39.462  INFO 20634 --- [main] org.hibernate.dialect.Dialect            : HHH000400: Using dialect: net.ucanaccess.hibernate.dialect.UCanAccessDialect
2023-11-11 19:03:40.550  INFO 20634 --- [main] o.h.e.t.j.p.i.JtaPlatformInitiator       : HHH000490: Using JtaPlatform implementation: [org.hibernate.engine.transaction.jta.platform.internal.NoJtaPlatform]
2023-11-11 19:03:40.566  INFO 20634 --- [main] j.LocalContainerEntityManagerFactoryBean : Initialized JPA EntityManagerFactory for persistence unit 'default'
2023-11-11 19:03:41.814  WARN 20634 --- [main] JpaBaseConfiguration$JpaWebConfiguration : spring.jpa.open-in-view is enabled by default. Therefore, database queries may be performed during view rendering. Explicitly configure spring.jpa.open-in-view to disable this warning
2023-11-11 19:03:42.037 DEBUG 20634 --- [main] s.w.s.m.m.a.RequestMappingHandlerAdapter : ControllerAdvice beans: 0 @ModelAttribute, 0 @InitBinder, 1 RequestBodyAdvice, 1 ResponseBodyAdvice
2023-11-11 19:03:42.190 DEBUG 20634 --- [main] s.w.s.m.m.a.RequestMappingHandlerMapping : 69 mappings in 'requestMappingHandlerMapping'
2023-11-11 19:03:42.228 DEBUG 20634 --- [main] o.s.w.s.handler.SimpleUrlHandlerMapping  : Patterns [/webjars/**, /**, /swagger-ui*/*swagger-initializer.js, /swagger-ui*/**] in 'resourceHandlerMapping'
2023-11-11 19:03:42.239 DEBUG 20634 --- [main] .m.m.a.ExceptionHandlerExceptionResolver : ControllerAdvice beans: 1 @ExceptionHandler, 1 ResponseBodyAdvice
2023-11-11 19:03:42.540  INFO 20634 --- [main] o.s.b.w.embedded.tomcat.TomcatWebServer  : Tomcat started on port(s): 8080 (http) with context path ''
2023-11-11 19:03:42.554  INFO 20634 --- [main] co.edu.javeriana.tg.TgApplication        : Started TgApplication in 6.998 seconds (JVM running for 7.834)
2023-11-11 19:04:05.461  INFO 20634 --- [RMI TCP Connection(4)-127.0.0.1] inMXBeanRegistrar$SpringApplicationAdmin : Application shutdown requested.
2023-11-11 19:04:05.479  INFO 20634 --- [RMI TCP Connection(4)-127.0.0.1] o.apache.catalina.core.StandardService   : Stopping service [Tomcat]
2023-11-11 19:04:05.503  INFO 20634 --- [RMI TCP Connection(4)-127.0.0.1] j.LocalContainerEntityManagerFactoryBean : Closing JPA EntityManagerFactory for persistence unit 'default'
