2023-11-11 19:35:43.951  INFO 22269 --- [main] co.edu.javeriana.tg.TgApplication        : Starting TgApplication v0.0.1-SNAPSHOT using Java 21.0.1 on nabu with PID 22269 (/Users/nabu/Documents/GitHub/TG/Backend/CTAI/CP_Factory/target/tg-2.7.16-prod.jar started by nabu in /Users/nabu/Documents/GitHub/TG)
2023-11-11 19:35:43.965  INFO 22269 --- [main] co.edu.javeriana.tg.TgApplication        : The following 1 profile is active: "prod"
2023-11-11 19:35:45.812  INFO 22269 --- [main] .s.d.r.c.RepositoryConfigurationDelegate : Bootstrapping Spring Data JPA repositories in DEFAULT mode.
2023-11-11 19:35:46.078  INFO 22269 --- [main] .s.d.r.c.RepositoryConfigurationDelegate : Finished Spring Data repository scanning in 246 ms. Found 23 JPA repository interfaces.
2023-11-11 19:35:47.435  INFO 22269 --- [main] o.s.b.w.embedded.tomcat.TomcatWebServer  : Tomcat initialized with port(s): 8080 (http)
2023-11-11 19:35:47.458  INFO 22269 --- [main] o.apache.catalina.core.StandardService   : Starting service [Tomcat]
2023-11-11 19:35:47.459  INFO 22269 --- [main] org.apache.catalina.core.StandardEngine  : Starting Servlet engine: [Apache Tomcat/9.0.80]
2023-11-11 19:35:47.617  INFO 22269 --- [main] o.a.c.c.C.[Tomcat].[localhost].[/]       : Initializing Spring embedded WebApplicationContext
2023-11-11 19:35:47.618  INFO 22269 --- [main] w.s.c.ServletWebServerApplicationContext : Root WebApplicationContext: initialization completed in 3537 ms
2023-11-11 19:35:47.897 DEBUG 22269 --- [main] o.springframework.web.filter.CorsFilter  : Filter 'corsFilter' configured for use
2023-11-11 19:35:47.983  INFO 22269 --- [MLog-Init-Reporter] com.mchange.v2.log.MLog                  : MLog clients using slf4j logging.
2023-11-11 19:35:48.312  INFO 22269 --- [main] com.mchange.v2.c3p0.C3P0Registry         : Initializing c3p0-0.9.5.5 [built 11-December-2019 22:18:33 -0800; debug? true; trace: 10]
2023-11-11 19:35:48.735  INFO 22269 --- [main] o.hibernate.jpa.internal.util.LogHelper  : HHH000204: Processing PersistenceUnitInfo [name: default]
2023-11-11 19:35:48.875  INFO 22269 --- [main] org.hibernate.Version                    : HHH000412: Hibernate ORM core version 5.6.15.Final
2023-11-11 19:35:49.276  INFO 22269 --- [main] o.hibernate.annotations.common.Version   : HCANN000001: Hibernate Commons Annotations {5.1.2.Final}
2023-11-11 19:35:49.505  INFO 22269 --- [main] org.hibernate.dialect.Dialect            : HHH000400: Using dialect: net.ucanaccess.hibernate.dialect.UCanAccessDialect
2023-11-11 19:35:51.216  INFO 22269 --- [main] o.h.e.t.j.p.i.JtaPlatformInitiator       : HHH000490: Using JtaPlatform implementation: [org.hibernate.engine.transaction.jta.platform.internal.NoJtaPlatform]
2023-11-11 19:35:51.243  INFO 22269 --- [main] j.LocalContainerEntityManagerFactoryBean : Initialized JPA EntityManagerFactory for persistence unit 'default'
2023-11-11 19:35:52.777  WARN 22269 --- [main] JpaBaseConfiguration$JpaWebConfiguration : spring.jpa.open-in-view is enabled by default. Therefore, database queries may be performed during view rendering. Explicitly configure spring.jpa.open-in-view to disable this warning
2023-11-11 19:35:53.098 DEBUG 22269 --- [main] s.w.s.m.m.a.RequestMappingHandlerAdapter : ControllerAdvice beans: 0 @ModelAttribute, 0 @InitBinder, 1 RequestBodyAdvice, 1 ResponseBodyAdvice
2023-11-11 19:35:53.386 DEBUG 22269 --- [main] s.w.s.m.m.a.RequestMappingHandlerMapping : 69 mappings in 'requestMappingHandlerMapping'
2023-11-11 19:35:53.435 DEBUG 22269 --- [main] o.s.w.s.handler.SimpleUrlHandlerMapping  : Patterns [/webjars/**, /**, /swagger-ui*/*swagger-initializer.js, /swagger-ui*/**] in 'resourceHandlerMapping'
2023-11-11 19:35:53.455 DEBUG 22269 --- [main] .m.m.a.ExceptionHandlerExceptionResolver : ControllerAdvice beans: 1 @ExceptionHandler, 1 ResponseBodyAdvice
2023-11-11 19:35:53.984  INFO 22269 --- [main] o.s.b.w.embedded.tomcat.TomcatWebServer  : Tomcat started on port(s): 8080 (http) with context path ''
2023-11-11 19:35:54.001  INFO 22269 --- [main] co.edu.javeriana.tg.TgApplication        : Started TgApplication in 11.524 seconds (JVM running for 13.141)
2023-11-11 19:40:20.601  INFO 22499 --- [main] co.edu.javeriana.tg.TgApplication        : Starting TgApplication v0.0.1-SNAPSHOT using Java 21.0.1 on nabu with PID 22499 (/Users/nabu/Documents/GitHub/TG/Backend/CTAI/CP_Factory/target/tg-2.7.16-prod.jar started by nabu in /Users/nabu/Documents/GitHub/TG)
2023-11-11 19:40:20.613  INFO 22499 --- [main] co.edu.javeriana.tg.TgApplication        : The following 1 profile is active: "prod"
2023-11-11 19:40:22.473  INFO 22499 --- [main] .s.d.r.c.RepositoryConfigurationDelegate : Bootstrapping Spring Data JPA repositories in DEFAULT mode.
2023-11-11 19:40:22.775  INFO 22499 --- [main] .s.d.r.c.RepositoryConfigurationDelegate : Finished Spring Data repository scanning in 279 ms. Found 23 JPA repository interfaces.
2023-11-11 19:40:24.282  INFO 22499 --- [main] o.s.b.w.embedded.tomcat.TomcatWebServer  : Tomcat initialized with port(s): 8080 (http)
2023-11-11 19:40:24.303  INFO 22499 --- [main] o.apache.catalina.core.StandardService   : Starting service [Tomcat]
2023-11-11 19:40:24.304  INFO 22499 --- [main] org.apache.catalina.core.StandardEngine  : Starting Servlet engine: [Apache Tomcat/9.0.80]
2023-11-11 19:40:24.492  INFO 22499 --- [main] o.a.c.c.C.[Tomcat].[localhost].[/]       : Initializing Spring embedded WebApplicationContext
2023-11-11 19:40:24.493  INFO 22499 --- [main] w.s.c.ServletWebServerApplicationContext : Root WebApplicationContext: initialization completed in 3770 ms
2023-11-11 19:40:24.849 DEBUG 22499 --- [main] o.springframework.web.filter.CorsFilter  : Filter 'corsFilter' configured for use
2023-11-11 19:40:24.930  INFO 22499 --- [MLog-Init-Reporter] com.mchange.v2.log.MLog                  : MLog clients using slf4j logging.
2023-11-11 19:40:25.175  INFO 22499 --- [main] com.mchange.v2.c3p0.C3P0Registry         : Initializing c3p0-0.9.5.5 [built 11-December-2019 22:18:33 -0800; debug? true; trace: 10]
2023-11-11 19:40:25.579  INFO 22499 --- [main] o.hibernate.jpa.internal.util.LogHelper  : HHH000204: Processing PersistenceUnitInfo [name: default]
2023-11-11 19:40:25.734  INFO 22499 --- [main] org.hibernate.Version                    : HHH000412: Hibernate ORM core version 5.6.15.Final
2023-11-11 19:40:26.119  INFO 22499 --- [main] o.hibernate.annotations.common.Version   : HCANN000001: Hibernate Commons Annotations {5.1.2.Final}
2023-11-11 19:40:26.344  INFO 22499 --- [main] org.hibernate.dialect.Dialect            : HHH000400: Using dialect: net.ucanaccess.hibernate.dialect.UCanAccessDialect
2023-11-11 19:40:27.938  INFO 22499 --- [main] o.h.e.t.j.p.i.JtaPlatformInitiator       : HHH000490: Using JtaPlatform implementation: [org.hibernate.engine.transaction.jta.platform.internal.NoJtaPlatform]
2023-11-11 19:40:27.960  INFO 22499 --- [main] j.LocalContainerEntityManagerFactoryBean : Initialized JPA EntityManagerFactory for persistence unit 'default'
2023-11-11 19:40:29.375  WARN 22499 --- [main] JpaBaseConfiguration$JpaWebConfiguration : spring.jpa.open-in-view is enabled by default. Therefore, database queries may be performed during view rendering. Explicitly configure spring.jpa.open-in-view to disable this warning
2023-11-11 19:40:29.651 DEBUG 22499 --- [main] s.w.s.m.m.a.RequestMappingHandlerAdapter : ControllerAdvice beans: 0 @ModelAttribute, 0 @InitBinder, 1 RequestBodyAdvice, 1 ResponseBodyAdvice
2023-11-11 19:40:29.931 DEBUG 22499 --- [main] s.w.s.m.m.a.RequestMappingHandlerMapping : 69 mappings in 'requestMappingHandlerMapping'
2023-11-11 19:40:29.962 DEBUG 22499 --- [main] o.s.w.s.handler.SimpleUrlHandlerMapping  : Patterns [/webjars/**, /**, /swagger-ui*/*swagger-initializer.js, /swagger-ui*/**] in 'resourceHandlerMapping'
2023-11-11 19:40:29.975 DEBUG 22499 --- [main] .m.m.a.ExceptionHandlerExceptionResolver : ControllerAdvice beans: 1 @ExceptionHandler, 1 ResponseBodyAdvice
2023-11-11 19:40:30.360  INFO 22499 --- [main] o.s.b.w.embedded.tomcat.TomcatWebServer  : Tomcat started on port(s): 8080 (http) with context path ''
2023-11-11 19:40:30.376  INFO 22499 --- [main] co.edu.javeriana.tg.TgApplication        : Started TgApplication in 10.931 seconds (JVM running for 12.796)
2023-11-11 19:54:14.327  INFO 23193 --- [main] co.edu.javeriana.tg.TgApplication        : Starting TgApplication v0.0.1-SNAPSHOT using Java 21.0.1 on nabu with PID 23193 (/Users/nabu/Documents/GitHub/TG/Backend/CTAI/CP_Factory/target/tg-2.7.16-prod.jar started by nabu in /Users/nabu/Documents/GitHub/TG)
2023-11-11 19:54:14.339  INFO 23193 --- [main] co.edu.javeriana.tg.TgApplication        : The following 1 profile is active: "prod"
2023-11-11 19:54:16.081  INFO 23193 --- [main] .s.d.r.c.RepositoryConfigurationDelegate : Bootstrapping Spring Data JPA repositories in DEFAULT mode.
2023-11-11 19:54:16.314  INFO 23193 --- [main] .s.d.r.c.RepositoryConfigurationDelegate : Finished Spring Data repository scanning in 212 ms. Found 23 JPA repository interfaces.
2023-11-11 19:54:17.591  INFO 23193 --- [main] o.s.b.w.embedded.tomcat.TomcatWebServer  : Tomcat initialized with port(s): 8080 (http)
2023-11-11 19:54:17.612  INFO 23193 --- [main] o.apache.catalina.core.StandardService   : Starting service [Tomcat]
2023-11-11 19:54:17.613  INFO 23193 --- [main] org.apache.catalina.core.StandardEngine  : Starting Servlet engine: [Apache Tomcat/9.0.80]
2023-11-11 19:54:17.738  INFO 23193 --- [main] o.a.c.c.C.[Tomcat].[localhost].[/]       : Initializing Spring embedded WebApplicationContext
2023-11-11 19:54:17.739  INFO 23193 --- [main] w.s.c.ServletWebServerApplicationContext : Root WebApplicationContext: initialization completed in 3289 ms
2023-11-11 19:54:18.013 DEBUG 23193 --- [main] o.springframework.web.filter.CorsFilter  : Filter 'corsFilter' configured for use
2023-11-11 19:54:18.099  INFO 23193 --- [MLog-Init-Reporter] com.mchange.v2.log.MLog                  : MLog clients using slf4j logging.
2023-11-11 19:54:18.493  INFO 23193 --- [main] com.mchange.v2.c3p0.C3P0Registry         : Initializing c3p0-0.9.5.5 [built 11-December-2019 22:18:33 -0800; debug? true; trace: 10]
2023-11-11 19:54:18.874  INFO 23193 --- [main] o.hibernate.jpa.internal.util.LogHelper  : HHH000204: Processing PersistenceUnitInfo [name: default]
2023-11-11 19:54:19.025  INFO 23193 --- [main] org.hibernate.Version                    : HHH000412: Hibernate ORM core version 5.6.15.Final
2023-11-11 19:54:19.394  INFO 23193 --- [main] o.hibernate.annotations.common.Version   : HCANN000001: Hibernate Commons Annotations {5.1.2.Final}
2023-11-11 19:54:19.652  INFO 23193 --- [main] org.hibernate.dialect.Dialect            : HHH000400: Using dialect: net.ucanaccess.hibernate.dialect.UCanAccessDialect
2023-11-11 19:54:21.260  INFO 23193 --- [main] o.h.e.t.j.p.i.JtaPlatformInitiator       : HHH000490: Using JtaPlatform implementation: [org.hibernate.engine.transaction.jta.platform.internal.NoJtaPlatform]
2023-11-11 19:54:21.285  INFO 23193 --- [main] j.LocalContainerEntityManagerFactoryBean : Initialized JPA EntityManagerFactory for persistence unit 'default'
2023-11-11 19:54:22.799  WARN 23193 --- [main] JpaBaseConfiguration$JpaWebConfiguration : spring.jpa.open-in-view is enabled by default. Therefore, database queries may be performed during view rendering. Explicitly configure spring.jpa.open-in-view to disable this warning
2023-11-11 19:54:23.079 DEBUG 23193 --- [main] s.w.s.m.m.a.RequestMappingHandlerAdapter : ControllerAdvice beans: 0 @ModelAttribute, 0 @InitBinder, 1 RequestBodyAdvice, 1 ResponseBodyAdvice
2023-11-11 19:54:23.378 DEBUG 23193 --- [main] s.w.s.m.m.a.RequestMappingHandlerMapping : 69 mappings in 'requestMappingHandlerMapping'
2023-11-11 19:54:23.407 DEBUG 23193 --- [main] o.s.w.s.handler.SimpleUrlHandlerMapping  : Patterns [/webjars/**, /**, /swagger-ui*/*swagger-initializer.js, /swagger-ui*/**] in 'resourceHandlerMapping'
2023-11-11 19:54:23.419 DEBUG 23193 --- [main] .m.m.a.ExceptionHandlerExceptionResolver : ControllerAdvice beans: 1 @ExceptionHandler, 1 ResponseBodyAdvice
2023-11-11 19:54:23.782  INFO 23193 --- [main] o.s.b.w.embedded.tomcat.TomcatWebServer  : Tomcat started on port(s): 8080 (http) with context path ''
2023-11-11 19:54:23.796  INFO 23193 --- [main] co.edu.javeriana.tg.TgApplication        : Started TgApplication in 10.632 seconds (JVM running for 12.105)
