2023-10-29 22:04:25.111  INFO 87015 --- [main] c.e.j.ctai.tgsecurity.SpringBootApp      : Starting SpringBootApp v0.0.1-SNAPSHOT using Java 21 on nabu with PID 87015 (/Users/nabu/Documents/GitHub/TG/Backend/CTAI/componet-security/tgsecurity/target/tgsecurity-2.5.3-prod.jar started by nabu in /Users/nabu/Documents/GitHub/TG)
2023-10-29 22:04:25.123  INFO 87015 --- [main] c.e.j.ctai.tgsecurity.SpringBootApp      : The following profiles are active: prod
2023-10-29 22:04:27.853  INFO 87015 --- [main] .s.d.r.c.RepositoryConfigurationDelegate : Bootstrapping Spring Data JPA repositories in DEFAULT mode.
2023-10-29 22:04:28.014  INFO 87015 --- [main] .s.d.r.c.RepositoryConfigurationDelegate : Finished Spring Data repository scanning in 142 ms. Found 3 JPA repository interfaces.
2023-10-29 22:04:29.519  INFO 87015 --- [main] o.s.b.w.embedded.tomcat.TomcatWebServer  : Tomcat initialized with port(s): 8081 (http)
2023-10-29 22:04:29.543  INFO 87015 --- [main] o.apache.catalina.core.StandardService   : Starting service [Tomcat]
2023-10-29 22:04:29.544  INFO 87015 --- [main] org.apache.catalina.core.StandardEngine  : Starting Servlet engine: [Apache Tomcat/9.0.50]
2023-10-29 22:04:29.653  INFO 87015 --- [main] o.a.c.c.C.[Tomcat].[localhost].[/]       : Initializing Spring embedded WebApplicationContext
2023-10-29 22:04:29.653  INFO 87015 --- [main] w.s.c.ServletWebServerApplicationContext : Root WebApplicationContext: initialization completed in 4333 ms
2023-10-29 22:04:29.915  WARN 87015 --- [main] JpaBaseConfiguration$JpaWebConfiguration : spring.jpa.open-in-view is enabled by default. Therefore, database queries may be performed during view rendering. Explicitly configure spring.jpa.open-in-view to disable this warning
2023-10-29 22:04:30.196  INFO 87015 --- [main] o.hibernate.jpa.internal.util.LogHelper  : HHH000204: Processing PersistenceUnitInfo [name: default]
2023-10-29 22:04:30.328  INFO 87015 --- [main] org.hibernate.Version                    : HHH000412: Hibernate ORM core version 5.4.32.Final
2023-10-29 22:04:30.605  INFO 87015 --- [main] o.hibernate.annotations.common.Version   : HCANN000001: Hibernate Commons Annotations {5.1.2.Final}
2023-10-29 22:04:30.826  INFO 87015 --- [main] com.zaxxer.hikari.HikariDataSource       : HikariPool-1 - Starting...
2023-10-29 22:04:31.472  INFO 87015 --- [main] com.zaxxer.hikari.HikariDataSource       : HikariPool-1 - Start completed.
2023-10-29 22:04:31.516  INFO 87015 --- [main] org.hibernate.dialect.Dialect            : HHH000400: Using dialect: org.hibernate.dialect.MySQL8Dialect
2023-10-29 22:04:32.974  INFO 87015 --- [main] o.h.e.t.j.p.i.JtaPlatformInitiator       : HHH000490: Using JtaPlatform implementation: [org.hibernate.engine.transaction.jta.platform.internal.NoJtaPlatform]
2023-10-29 22:04:32.991  INFO 87015 --- [main] j.LocalContainerEntityManagerFactoryBean : Initialized JPA EntityManagerFactory for persistence unit 'default'
2023-10-29 22:04:34.102  INFO 87015 --- [main] c.e.j.c.t.s.e.OrderProcessingService     : Cola de órdenes inicializada
2023-10-29 22:04:34.632 DEBUG 87015 --- [main] s.w.s.m.m.a.RequestMappingHandlerMapping : 13 mappings in 'requestMappingHandlerMapping'
2023-10-29 22:04:35.000  INFO 87015 --- [main] o.s.s.web.DefaultSecurityFilterChain     : Will secure any request with [org.springframework.security.web.context.request.async.WebAsyncManagerIntegrationFilter@f0a66bd, org.springframework.security.web.context.SecurityContextPersistenceFilter@48a2db72, org.springframework.security.web.header.HeaderWriterFilter@1526f71, org.springframework.web.filter.CorsFilter@460b50df, org.springframework.security.web.authentication.logout.LogoutFilter@2fbe26da, co.edu.javeriana.ctai.tgsecurity.security.jwt.JwtRequestFilter@6c1cfa53, org.springframework.security.web.savedrequest.RequestCacheAwareFilter@21c747a, org.springframework.security.web.servletapi.SecurityContextHolderAwareRequestFilter@77c3c037, org.springframework.security.web.authentication.AnonymousAuthenticationFilter@1cf336fd, org.springframework.security.web.session.SessionManagementFilter@4faf104, org.springframework.security.web.access.ExceptionTranslationFilter@9c93d16, org.springframework.security.web.access.intercept.FilterSecurityInterceptor@6707a4bf]
2023-10-29 22:04:35.233 DEBUG 87015 --- [main] s.w.s.m.m.a.RequestMappingHandlerAdapter : ControllerAdvice beans: 0 @ModelAttribute, 0 @InitBinder, 1 RequestBodyAdvice, 1 ResponseBodyAdvice
2023-10-29 22:04:35.408 DEBUG 87015 --- [main] o.s.w.s.handler.SimpleUrlHandlerMapping  : Patterns [/swagger-ui/] in 'viewControllerHandlerMapping'
2023-10-29 22:04:35.431 DEBUG 87015 --- [main] o.s.w.s.handler.SimpleUrlHandlerMapping  : Patterns [/webjars/**, /**, /swagger-ui/**] in 'resourceHandlerMapping'
2023-10-29 22:04:35.441 DEBUG 87015 --- [main] .m.m.a.ExceptionHandlerExceptionResolver : ControllerAdvice beans: 0 @ExceptionHandler, 1 ResponseBodyAdvice
2023-10-29 22:04:35.727  INFO 87015 --- [main] o.s.b.w.embedded.tomcat.TomcatWebServer  : Tomcat started on port(s): 8081 (http) with context path ''
2023-10-29 22:04:36.042  INFO 87015 --- [main] c.e.j.ctai.tgsecurity.SpringBootApp      : Started SpringBootApp in 12.237 seconds (JVM running for 13.592)
2023-10-29 22:05:27.726  INFO 87015 --- [http-nio-8081-exec-1] o.a.c.c.C.[Tomcat].[localhost].[/]       : Initializing Spring DispatcherServlet 'dispatcherServlet'
2023-10-29 22:05:27.727  INFO 87015 --- [http-nio-8081-exec-1] o.s.web.servlet.DispatcherServlet        : Initializing Servlet 'dispatcherServlet'
2023-10-29 22:05:27.727 DEBUG 87015 --- [http-nio-8081-exec-1] o.s.web.servlet.DispatcherServlet        : Detected StandardServletMultipartResolver
2023-10-29 22:05:27.727 DEBUG 87015 --- [http-nio-8081-exec-1] o.s.web.servlet.DispatcherServlet        : Detected AcceptHeaderLocaleResolver
2023-10-29 22:05:27.728 DEBUG 87015 --- [http-nio-8081-exec-1] o.s.web.servlet.DispatcherServlet        : Detected FixedThemeResolver
2023-10-29 22:05:27.730 DEBUG 87015 --- [http-nio-8081-exec-1] o.s.web.servlet.DispatcherServlet        : Detected org.springframework.web.servlet.view.DefaultRequestToViewNameTranslator@77f4c040
2023-10-29 22:05:27.731 DEBUG 87015 --- [http-nio-8081-exec-1] o.s.web.servlet.DispatcherServlet        : Detected org.springframework.web.servlet.support.SessionFlashMapManager@6b1b19cf
2023-10-29 22:05:27.732 DEBUG 87015 --- [http-nio-8081-exec-1] o.s.web.servlet.DispatcherServlet        : enableLoggingRequestDetails='false': request parameters and headers will be masked to prevent unsafe logging of potentially sensitive data
2023-10-29 22:05:27.732  INFO 87015 --- [http-nio-8081-exec-1] o.s.web.servlet.DispatcherServlet        : Completed initialization in 5 ms
2023-10-29 22:05:27.930 DEBUG 87015 --- [http-nio-8081-exec-1] o.s.web.servlet.DispatcherServlet        : POST "/api/auth/login", parameters={}
2023-10-29 22:05:27.935 DEBUG 87015 --- [http-nio-8081-exec-1] s.w.s.m.m.a.RequestMappingHandlerMapping : Mapped to co.edu.javeriana.ctai.tgsecurity.controller.web.AuthController#login(String)
2023-10-29 22:05:28.388  INFO 87015 --- [http-nio-8081-exec-1] c.e.j.c.t.controller.web.AuthController  : User '{}' has successfully logged in 
2023-10-29 22:05:28.428 DEBUG 87015 --- [http-nio-8081-exec-1] o.s.w.s.m.m.a.HttpEntityMethodProcessor  : Using 'application/json', given [*/*] and supported [application/json, application/*+json, application/json, application/*+json]
2023-10-29 22:05:28.429 DEBUG 87015 --- [http-nio-8081-exec-1] o.s.w.s.m.m.a.HttpEntityMethodProcessor  : Writing [co.edu.javeriana.ctai.tgsecurity.security.payload.JwtResponse@779f78a7]
2023-10-29 22:05:28.452 DEBUG 87015 --- [http-nio-8081-exec-1] o.s.web.servlet.DispatcherServlet        : Completed 200 OK
2023-10-29 22:05:40.686 DEBUG 87015 --- [http-nio-8081-exec-3] o.s.web.servlet.DispatcherServlet        : POST "/api/user/post/save/order", parameters={}
2023-10-29 22:05:40.687 DEBUG 87015 --- [http-nio-8081-exec-3] s.w.s.m.m.a.RequestMappingHandlerMapping : Mapped to co.edu.javeriana.ctai.tgsecurity.controller.web.users.PostController#saveOrder(OrderRequest)
2023-10-29 22:05:40.734 DEBUG 87015 --- [http-nio-8081-exec-3] m.m.a.RequestResponseBodyMethodProcessor : Read "application/json;charset=UTF-8" to [co.edu.javeriana.ctai.tgsecurity.entities.auxillary.OrderRequest@e9f9efd]
2023-10-29 22:05:40.777  INFO 87015 --- [http-nio-8081-exec-3] c.e.j.c.t.c.web.users.PostController     : Esperando número de orden...
2023-10-29 22:05:41.229 DEBUG 87015 --- [Thread-1] o.s.web.client.RestTemplate              : HTTP POST http://localhost:8080/api/students/parts/production/new-order?partNumber=45&clientNumber=0&positions=1
2023-10-29 22:05:41.230 DEBUG 87015 --- [Thread-1] o.s.web.client.RestTemplate              : Accept=[text/plain, application/json, application/*+json, */*]
2023-10-29 22:05:41.780  INFO 87015 --- [http-nio-8081-exec-3] c.e.j.c.t.c.web.users.PostController     : Esperando número de orden...
2023-10-29 22:05:42.786  INFO 87015 --- [http-nio-8081-exec-3] c.e.j.c.t.c.web.users.PostController     : Esperando número de orden...
2023-10-29 22:05:43.787  INFO 87015 --- [http-nio-8081-exec-3] c.e.j.c.t.c.web.users.PostController     : Esperando número de orden...
2023-10-29 22:05:44.792  INFO 87015 --- [http-nio-8081-exec-3] c.e.j.c.t.c.web.users.PostController     : Esperando número de orden...
2023-10-29 22:05:45.796  INFO 87015 --- [http-nio-8081-exec-3] c.e.j.c.t.c.web.users.PostController     : Esperando número de orden...
2023-10-29 22:05:46.799  INFO 87015 --- [http-nio-8081-exec-3] c.e.j.c.t.c.web.users.PostController     : Esperando número de orden...
2023-10-29 22:05:47.058 DEBUG 87015 --- [Thread-1] o.s.web.client.RestTemplate              : Response 200 OK
2023-10-29 22:05:47.061 DEBUG 87015 --- [Thread-1] o.s.web.client.RestTemplate              : Reading to [java.lang.String] as "application/json"
2023-10-29 22:05:47.142  INFO 87015 --- [Thread-1] c.e.j.c.t.s.e.OrderProcessingService     : Orden guardada en BD: id-4824
2023-10-29 22:05:47.143  INFO 87015 --- [Thread-1] c.e.j.c.t.s.e.OrderProcessingService     : Solicitud HTTP DE LA ORDEN A CP_Factory es exitosa
2023-10-29 22:05:47.807 DEBUG 87015 --- [http-nio-8081-exec-3] o.s.w.s.m.m.a.HttpEntityMethodProcessor  : Using 'application/json', given [*/*] and supported [application/json, application/*+json, application/json, application/*+json]
2023-10-29 22:05:47.807 DEBUG 87015 --- [http-nio-8081-exec-3] o.s.w.s.m.m.a.HttpEntityMethodProcessor  : Writing [co.edu.javeriana.ctai.tgsecurity.entities.auxillary.OrderRequest@742ea85f]
2023-10-29 22:05:47.815 DEBUG 87015 --- [http-nio-8081-exec-3] o.s.web.servlet.DispatcherServlet        : Completed 200 OK
2023-10-29 22:06:03.407 ERROR 87015 --- [http-nio-8081-exec-4] c.e.j.c.t.security.jwt.JwtTokenUtil      : JWT token is expired: JWT expired at 2023-10-29T03:23:50Z. Current time: 2023-10-29T22:06:03Z, a difference of 67333406 milliseconds.  Allowed clock skew: 0 milliseconds.
2023-10-29 22:06:03.409 ERROR 87015 --- [http-nio-8081-exec-4] c.e.j.c.t.s.jwt.JwtAuthEntryPoint        : Unauthorized error: Full authentication is required to access this resource
2023-10-29 22:06:03.416 DEBUG 87015 --- [http-nio-8081-exec-4] o.s.web.servlet.DispatcherServlet        : "ERROR" dispatch for GET "/error", parameters={}
2023-10-29 22:06:03.421 DEBUG 87015 --- [http-nio-8081-exec-4] s.w.s.m.m.a.RequestMappingHandlerMapping : Mapped to org.springframework.boot.autoconfigure.web.servlet.error.BasicErrorController#error(HttpServletRequest)
2023-10-29 22:06:03.428 DEBUG 87015 --- [http-nio-8081-exec-4] o.s.w.s.m.m.a.HttpEntityMethodProcessor  : Using 'application/json', given [*/*] and supported [application/json, application/*+json, application/json, application/*+json]
2023-10-29 22:06:03.429 DEBUG 87015 --- [http-nio-8081-exec-4] o.s.w.s.m.m.a.HttpEntityMethodProcessor  : Writing [{timestamp=Sun Oct 29 22:06:03 COT 2023, status=401, error=Unauthorized, path=/api/user/get/cedula/u (truncated)...]
2023-10-29 22:06:03.435 DEBUG 87015 --- [http-nio-8081-exec-4] o.s.web.servlet.DispatcherServlet        : Exiting from "ERROR" dispatch, status 401
2023-10-29 22:06:08.720 DEBUG 87015 --- [http-nio-8081-exec-5] o.s.web.servlet.DispatcherServlet        : GET "/api/user/get/cedula/username=atoncode", parameters={}
2023-10-29 22:06:08.721 DEBUG 87015 --- [http-nio-8081-exec-5] s.w.s.m.m.a.RequestMappingHandlerMapping : Mapped to co.edu.javeriana.ctai.tgsecurity.controller.web.users.GetController#getUserCedula(String)
2023-10-29 22:06:08.741 DEBUG 87015 --- [http-nio-8081-exec-5] o.s.w.s.m.m.a.HttpEntityMethodProcessor  : Using 'text/plain', given [*/*] and supported [text/plain, */*, text/plain, */*, application/json, application/*+json, application/json, application/*+json]
2023-10-29 22:06:08.741 DEBUG 87015 --- [http-nio-8081-exec-5] o.s.w.s.m.m.a.HttpEntityMethodProcessor  : Writing ["{"cedula":"2"}"]
2023-10-29 22:06:08.744 DEBUG 87015 --- [http-nio-8081-exec-5] o.s.web.servlet.DispatcherServlet        : Completed 200 OK
2023-10-29 22:06:15.690 DEBUG 87015 --- [http-nio-8081-exec-6] o.s.web.servlet.DispatcherServlet        : GET "/api/user/get/order/cedula=1", parameters={}
2023-10-29 22:06:15.691 DEBUG 87015 --- [http-nio-8081-exec-6] s.w.s.m.m.a.RequestMappingHandlerMapping : Mapped to co.edu.javeriana.ctai.tgsecurity.controller.web.users.GetController#getOrdersByCedula(String)
2023-10-29 22:06:15.707 DEBUG 87015 --- [http-nio-8081-exec-6] o.s.web.client.RestTemplate              : HTTP GET http://localhost:8080/api/admin/orders
2023-10-29 22:06:15.707 DEBUG 87015 --- [http-nio-8081-exec-6] o.s.web.client.RestTemplate              : Accept=[text/plain, application/json, application/*+json, */*]
2023-10-29 22:06:17.655 DEBUG 87015 --- [http-nio-8081-exec-6] o.s.web.client.RestTemplate              : Response 200 OK
2023-10-29 22:06:17.656 DEBUG 87015 --- [http-nio-8081-exec-6] o.s.web.client.RestTemplate              : Reading to [java.lang.String] as "application/json"
2023-10-29 22:06:17.771  INFO 87015 --- [http-nio-8081-exec-6] c.e.j.c.t.services.external.OrderFilter  : Números de Orden: [4825, 4824, 4823, 4822, 4821, 4820, 4819, 4818, 4817, 4816, 4815, 4814, 4813, 4812, 4811, 4810, 4809, 4808, 4807, 4806, 4805, 4804, 4803, 4802, 4801, 4800, 4799, 4797, 4794, 4793, 4792, 4791, 3456, 3455, 3445, 3443, 3442, 3440, 3438, 3437, 3430, 3426, 3424, 3423, 3417, 3416, 3415, 3414, 3413, 3409, 3408, 3407, 3406, 3405, 3394, 3392, 3391, 3390, 3389, 3388, 3387, 3386, 3385, 3384, 3381, 3380, 3379, 3378, 3248, 3247, 3219, 3203, 3202, 3201, 3200, 2977, 2976, 2974, 2973, 2972, 2971, 2970, 2969, 2968, 2966, 2965, 2964, 2962, 2961, 2957, 2830, 2829, 2828, 2826, 2825, 2824, 2823, 2822, 2821, 2820, 2819, 2818, 2817, 2816, 2815, 2814, 2813, 2812, 2808, 2807, 2806, 2805, 2804, 2802, 2801, 2799, 2798, 2796, 2794, 2793, 2792, 2791, 2790, 2788, 2786, 2785, 2784, 2783, 2782, 2781, 2777, 2776, 2775, 2774, 2772, 2770, 2766, 2763, 2762, 2761, 2759, 2758, 2757, 2756, 2755, 2751, 2750, 2749, 2745, 2744, 2741, 2740, 2739, 2738, 2737, 2736, 2735, 2734, 2731, 2730, 2729, 2728, 2727, 2726, 2724, 2723, 2722, 2720, 2719, 2718, 2717, 2715, 2714, 2713, 2712, 2711, 2710, 2709, 2708, 2707, 2706, 2705, 2704, 2703, 2702, 2701, 2700, 2699, 2698, 2697, 2688, 2687, 2685, 2681, 2680, 2679, 2678, 2677, 2676, 2675, 2673, 2669, 2668, 2667, 2665, 2664, 2662, 2661, 2660, 2659, 2658, 2657, 2656, 2655, 2654, 2653, 2652, 2651, 2650, 2648, 2647, 2646, 2645, 2644, 2643, 2642, 2641, 2640, 2639, 2638, 2637, 2634, 2633, 2632, 2631, 2630, 2629, 2628, 2627, 2626, 2625, 2624, 2623, 2622, 2621, 2620, 2619, 2618, 2617, 2616, 2615, 2614, 2613, 2612, 2611, 2610, 2609, 2608, 2606, 2602, 2601, 2599, 2598, 2597, 2596, 2595, 2594, 2591, 2590, 2589, 2588, 2587, 2586, 2585, 2584, 2583, 2578, 2577, 2576, 2575, 2572, 2571, 2569, 2568, 2567, 2565, 2564, 2563, 2562, 2560, 2559, 2558, 2557, 2556, 2555, 2554, 2553, 2552, 2551, 2550, 2549, 2548, 2547, 2546, 2545, 2544, 2543, 2542, 2541, 2540, 2539, 2538, 2537, 2534, 2533, 2532, 2531, 2530, 2529, 2526, 2525, 2524, 2523, 2522, 2521, 2520, 2519, 2518, 2517, 2516, 2515, 2514, 2513, 2512, 2511, 2510, 2509, 2508, 2505, 2497, 2496, 2495, 2494, 2492, 2491, 2490, 2489, 2487, 2486, 2485, 2484, 2483, 2482, 2481, 2480, 2479, 2478, 2477, 2476, 2475, 2474, 2473, 2472, 2471, 2470, 2469, 2464, 2461, 2460, 2459, 2457, 2456, 2455, 2454, 2453, 2452, 2451, 2450, 2449, 2447, 2446, 2445, 2444, 2443, 2442, 2435, 2434, 2433, 2432, 2431, 2430, 2428, 2426, 2424, 2422, 2419, 2417, 2416, 2413, 2408, 2407, 2405, 2404, 2403, 2400, 2396, 2395, 2394, 2393, 2392, 2391, 2390, 2388, 2387, 2384, 2382, 2381, 2379, 2377, 2376, 2375, 2374, 2373, 2372, 2366, 2365, 2363, 2362, 2361, 2357, 2356, 2355, 2354, 2353, 2352, 2351, 2350, 2349, 2348, 2347, 2346, 2345, 2344, 2343, 2342, 2341, 2340, 2339, 2338, 2337, 2336, 2335, 2334, 2333, 2332, 2331, 2330, 2329, 2328, 2327, 2326, 2325, 2323, 2321, 2320, 2319, 2318, 2317, 2316, 2315, 2314, 2312, 2309, 2307, 2306, 2305, 2303, 2302, 2299, 2298, 2297, 2296, 2293, 2292, 2289, 2284, 2283, 2282, 2280, 2279, 2278, 2276, 2275, 2274, 2273, 2272, 2271, 2270, 2269, 2268, 2267, 2266, 2265, 2263, 2259, 2258, 2257, 2256, 2255, 2254, 2253, 2252, 2251, 2250, 2249, 2248, 2247, 2245, 2244, 2243, 2242, 2241, 2240, 2239, 2235, 2234, 2233, 2232, 2231, 2229, 2228, 2227, 2226, 2225, 2224, 2223, 2222, 2221, 2220, 2219, 2218, 2214, 2212, 2209, 2208, 2207, 2206, 2205, 2203, 2202, 2200, 2198, 2197, 2196, 2194, 2192, 2191, 2190, 2189, 2187, 2186, 2184, 2183, 2182, 2181, 2179, 2178, 2177, 2173, 2172, 2171, 2170, 2168, 2167, 2163, 2162, 2161, 2160, 2158, 2156, 2146, 2144, 2142, 2140, 2136, 2135, 2134, 2133, 2131, 2130, 2129, 2125, 2123, 2117, 2116, 2113, 2112, 2111, 2110, 2109, 2107, 2106, 2104, 2102, 2101, 2100, 2099, 2097, 2094, 1050, 1049, 1048, 1047, 1046, 1045, 1044, 1043, 1042, 1041, 1040, 1039, 1038, 1037, 1036, 1035, 1034, 1033, 1032, 1031, 1030, 1029, 1028, 1027, 1026, 1025, 1024, 1023, 1022, 1021, 1020, 1019, 1018, 1017, 1016, 1015, 1014, 1013, 1012, 1011, 1010, 1009, 1008, 1007, 1006, 1005, 1004, 1003, 1002, 1001, 1000, 1]
2023-10-29 22:06:17.774 DEBUG 87015 --- [http-nio-8081-exec-6] o.s.w.s.m.m.a.HttpEntityMethodProcessor  : Using 'application/json', given [*/*] and supported [application/json, application/*+json, application/json, application/*+json]
2023-10-29 22:06:17.774 DEBUG 87015 --- [http-nio-8081-exec-6] o.s.w.s.m.m.a.HttpEntityMethodProcessor  : Writing [[co.edu.javeriana.ctai.tgsecurity.entities.auxillary.OrderResponse@206bc503, co.edu.javeriana.ctai.t (truncated)...]
2023-10-29 22:06:17.782 DEBUG 87015 --- [http-nio-8081-exec-6] o.s.web.servlet.DispatcherServlet        : Completed 200 OK
2023-10-29 22:06:34.388 ERROR 87015 --- [http-nio-8081-exec-7] c.e.j.c.t.security.jwt.JwtTokenUtil      : JWT token is expired: JWT expired at 2023-10-29T22:06:28Z. Current time: 2023-10-29T22:06:34Z, a difference of 6387 milliseconds.  Allowed clock skew: 0 milliseconds.
2023-10-29 22:06:34.388 ERROR 87015 --- [http-nio-8081-exec-7] c.e.j.c.t.s.jwt.JwtAuthEntryPoint        : Unauthorized error: Full authentication is required to access this resource
2023-10-29 22:06:34.391 DEBUG 87015 --- [http-nio-8081-exec-7] o.s.web.servlet.DispatcherServlet        : "ERROR" dispatch for GET "/error", parameters={}
2023-10-29 22:06:34.392 DEBUG 87015 --- [http-nio-8081-exec-7] s.w.s.m.m.a.RequestMappingHandlerMapping : Mapped to org.springframework.boot.autoconfigure.web.servlet.error.BasicErrorController#error(HttpServletRequest)
2023-10-29 22:06:34.393 DEBUG 87015 --- [http-nio-8081-exec-7] o.s.w.s.m.m.a.HttpEntityMethodProcessor  : Using 'application/json', given [*/*] and supported [application/json, application/*+json, application/json, application/*+json]
2023-10-29 22:06:34.393 DEBUG 87015 --- [http-nio-8081-exec-7] o.s.w.s.m.m.a.HttpEntityMethodProcessor  : Writing [{timestamp=Sun Oct 29 22:06:34 COT 2023, status=401, error=Unauthorized, path=/api/user/get/order/ce (truncated)...]
2023-10-29 22:06:34.396 DEBUG 87015 --- [http-nio-8081-exec-7] o.s.web.servlet.DispatcherServlet        : Exiting from "ERROR" dispatch, status 401
2023-10-29 22:06:39.707 ERROR 87015 --- [http-nio-8081-exec-8] c.e.j.c.t.security.jwt.JwtTokenUtil      : JWT token is expired: JWT expired at 2023-10-29T22:06:28Z. Current time: 2023-10-29T22:06:39Z, a difference of 11707 milliseconds.  Allowed clock skew: 0 milliseconds.
2023-10-29 22:06:39.708 ERROR 87015 --- [http-nio-8081-exec-8] c.e.j.c.t.s.jwt.JwtAuthEntryPoint        : Unauthorized error: Full authentication is required to access this resource
2023-10-29 22:06:39.710 DEBUG 87015 --- [http-nio-8081-exec-8] o.s.web.servlet.DispatcherServlet        : "ERROR" dispatch for GET "/error", parameters={}
2023-10-29 22:06:39.711 DEBUG 87015 --- [http-nio-8081-exec-8] s.w.s.m.m.a.RequestMappingHandlerMapping : Mapped to org.springframework.boot.autoconfigure.web.servlet.error.BasicErrorController#error(HttpServletRequest)
2023-10-29 22:06:39.712 DEBUG 87015 --- [http-nio-8081-exec-8] o.s.w.s.m.m.a.HttpEntityMethodProcessor  : Using 'application/json', given [*/*] and supported [application/json, application/*+json, application/json, application/*+json]
2023-10-29 22:06:39.712 DEBUG 87015 --- [http-nio-8081-exec-8] o.s.w.s.m.m.a.HttpEntityMethodProcessor  : Writing [{timestamp=Sun Oct 29 22:06:39 COT 2023, status=401, error=Unauthorized, path=/api/user/get/order/ce (truncated)...]
2023-10-29 22:06:39.713 DEBUG 87015 --- [http-nio-8081-exec-8] o.s.web.servlet.DispatcherServlet        : Exiting from "ERROR" dispatch, status 401
2023-10-29 22:06:43.899 DEBUG 87015 --- [http-nio-8081-exec-9] o.s.web.servlet.DispatcherServlet        : POST "/api/auth/login", parameters={}
2023-10-29 22:06:43.899 DEBUG 87015 --- [http-nio-8081-exec-9] s.w.s.m.m.a.RequestMappingHandlerMapping : Mapped to co.edu.javeriana.ctai.tgsecurity.controller.web.AuthController#login(String)
2023-10-29 22:06:44.021  INFO 87015 --- [http-nio-8081-exec-9] c.e.j.c.t.controller.web.AuthController  : User '{}' has successfully logged in 
2023-10-29 22:06:44.022 DEBUG 87015 --- [http-nio-8081-exec-9] o.s.w.s.m.m.a.HttpEntityMethodProcessor  : Using 'application/json', given [*/*] and supported [application/json, application/*+json, application/json, application/*+json]
2023-10-29 22:06:44.022 DEBUG 87015 --- [http-nio-8081-exec-9] o.s.w.s.m.m.a.HttpEntityMethodProcessor  : Writing [co.edu.javeriana.ctai.tgsecurity.security.payload.JwtResponse@62f187c1]
2023-10-29 22:06:44.024 DEBUG 87015 --- [http-nio-8081-exec-9] o.s.web.servlet.DispatcherServlet        : Completed 200 OK
2023-10-29 22:06:56.585 DEBUG 87015 --- [http-nio-8081-exec-10] o.s.web.servlet.DispatcherServlet        : GET "/api/user/get/order/cedula=1", parameters={}
2023-10-29 22:06:56.586 DEBUG 87015 --- [http-nio-8081-exec-10] s.w.s.m.m.a.RequestMappingHandlerMapping : Mapped to co.edu.javeriana.ctai.tgsecurity.controller.web.users.GetController#getOrdersByCedula(String)
2023-10-29 22:06:56.595 DEBUG 87015 --- [http-nio-8081-exec-10] o.s.web.client.RestTemplate              : HTTP GET http://localhost:8080/api/admin/orders
2023-10-29 22:06:56.595 DEBUG 87015 --- [http-nio-8081-exec-10] o.s.web.client.RestTemplate              : Accept=[text/plain, application/json, application/*+json, */*]
2023-10-29 22:06:57.963 DEBUG 87015 --- [http-nio-8081-exec-10] o.s.web.client.RestTemplate              : Response 200 OK
2023-10-29 22:06:57.981 DEBUG 87015 --- [http-nio-8081-exec-10] o.s.web.client.RestTemplate              : Reading to [java.lang.String] as "application/json"
2023-10-29 22:06:57.999  INFO 87015 --- [http-nio-8081-exec-10] c.e.j.c.t.services.external.OrderFilter  : Números de Orden: [4825, 4824, 4823, 4822, 4821, 4820, 4819, 4818, 4817, 4816, 4815, 4814, 4813, 4812, 4811, 4810, 4809, 4808, 4807, 4806, 4805, 4804, 4803, 4802, 4801, 4800, 4799, 4797, 4794, 4793, 4792, 4791, 3456, 3455, 3445, 3443, 3442, 3440, 3438, 3437, 3430, 3426, 3424, 3423, 3417, 3416, 3415, 3414, 3413, 3409, 3408, 3407, 3406, 3405, 3394, 3392, 3391, 3390, 3389, 3388, 3387, 3386, 3385, 3384, 3381, 3380, 3379, 3378, 3248, 3247, 3219, 3203, 3202, 3201, 3200, 2977, 2976, 2974, 2973, 2972, 2971, 2970, 2969, 2968, 2966, 2965, 2964, 2962, 2961, 2957, 2830, 2829, 2828, 2826, 2825, 2824, 2823, 2822, 2821, 2820, 2819, 2818, 2817, 2816, 2815, 2814, 2813, 2812, 2808, 2807, 2806, 2805, 2804, 2802, 2801, 2799, 2798, 2796, 2794, 2793, 2792, 2791, 2790, 2788, 2786, 2785, 2784, 2783, 2782, 2781, 2777, 2776, 2775, 2774, 2772, 2770, 2766, 2763, 2762, 2761, 2759, 2758, 2757, 2756, 2755, 2751, 2750, 2749, 2745, 2744, 2741, 2740, 2739, 2738, 2737, 2736, 2735, 2734, 2731, 2730, 2729, 2728, 2727, 2726, 2724, 2723, 2722, 2720, 2719, 2718, 2717, 2715, 2714, 2713, 2712, 2711, 2710, 2709, 2708, 2707, 2706, 2705, 2704, 2703, 2702, 2701, 2700, 2699, 2698, 2697, 2688, 2687, 2685, 2681, 2680, 2679, 2678, 2677, 2676, 2675, 2673, 2669, 2668, 2667, 2665, 2664, 2662, 2661, 2660, 2659, 2658, 2657, 2656, 2655, 2654, 2653, 2652, 2651, 2650, 2648, 2647, 2646, 2645, 2644, 2643, 2642, 2641, 2640, 2639, 2638, 2637, 2634, 2633, 2632, 2631, 2630, 2629, 2628, 2627, 2626, 2625, 2624, 2623, 2622, 2621, 2620, 2619, 2618, 2617, 2616, 2615, 2614, 2613, 2612, 2611, 2610, 2609, 2608, 2606, 2602, 2601, 2599, 2598, 2597, 2596, 2595, 2594, 2591, 2590, 2589, 2588, 2587, 2586, 2585, 2584, 2583, 2578, 2577, 2576, 2575, 2572, 2571, 2569, 2568, 2567, 2565, 2564, 2563, 2562, 2560, 2559, 2558, 2557, 2556, 2555, 2554, 2553, 2552, 2551, 2550, 2549, 2548, 2547, 2546, 2545, 2544, 2543, 2542, 2541, 2540, 2539, 2538, 2537, 2534, 2533, 2532, 2531, 2530, 2529, 2526, 2525, 2524, 2523, 2522, 2521, 2520, 2519, 2518, 2517, 2516, 2515, 2514, 2513, 2512, 2511, 2510, 2509, 2508, 2505, 2497, 2496, 2495, 2494, 2492, 2491, 2490, 2489, 2487, 2486, 2485, 2484, 2483, 2482, 2481, 2480, 2479, 2478, 2477, 2476, 2475, 2474, 2473, 2472, 2471, 2470, 2469, 2464, 2461, 2460, 2459, 2457, 2456, 2455, 2454, 2453, 2452, 2451, 2450, 2449, 2447, 2446, 2445, 2444, 2443, 2442, 2435, 2434, 2433, 2432, 2431, 2430, 2428, 2426, 2424, 2422, 2419, 2417, 2416, 2413, 2408, 2407, 2405, 2404, 2403, 2400, 2396, 2395, 2394, 2393, 2392, 2391, 2390, 2388, 2387, 2384, 2382, 2381, 2379, 2377, 2376, 2375, 2374, 2373, 2372, 2366, 2365, 2363, 2362, 2361, 2357, 2356, 2355, 2354, 2353, 2352, 2351, 2350, 2349, 2348, 2347, 2346, 2345, 2344, 2343, 2342, 2341, 2340, 2339, 2338, 2337, 2336, 2335, 2334, 2333, 2332, 2331, 2330, 2329, 2328, 2327, 2326, 2325, 2323, 2321, 2320, 2319, 2318, 2317, 2316, 2315, 2314, 2312, 2309, 2307, 2306, 2305, 2303, 2302, 2299, 2298, 2297, 2296, 2293, 2292, 2289, 2284, 2283, 2282, 2280, 2279, 2278, 2276, 2275, 2274, 2273, 2272, 2271, 2270, 2269, 2268, 2267, 2266, 2265, 2263, 2259, 2258, 2257, 2256, 2255, 2254, 2253, 2252, 2251, 2250, 2249, 2248, 2247, 2245, 2244, 2243, 2242, 2241, 2240, 2239, 2235, 2234, 2233, 2232, 2231, 2229, 2228, 2227, 2226, 2225, 2224, 2223, 2222, 2221, 2220, 2219, 2218, 2214, 2212, 2209, 2208, 2207, 2206, 2205, 2203, 2202, 2200, 2198, 2197, 2196, 2194, 2192, 2191, 2190, 2189, 2187, 2186, 2184, 2183, 2182, 2181, 2179, 2178, 2177, 2173, 2172, 2171, 2170, 2168, 2167, 2163, 2162, 2161, 2160, 2158, 2156, 2146, 2144, 2142, 2140, 2136, 2135, 2134, 2133, 2131, 2130, 2129, 2125, 2123, 2117, 2116, 2113, 2112, 2111, 2110, 2109, 2107, 2106, 2104, 2102, 2101, 2100, 2099, 2097, 2094, 1050, 1049, 1048, 1047, 1046, 1045, 1044, 1043, 1042, 1041, 1040, 1039, 1038, 1037, 1036, 1035, 1034, 1033, 1032, 1031, 1030, 1029, 1028, 1027, 1026, 1025, 1024, 1023, 1022, 1021, 1020, 1019, 1018, 1017, 1016, 1015, 1014, 1013, 1012, 1011, 1010, 1009, 1008, 1007, 1006, 1005, 1004, 1003, 1002, 1001, 1000, 1]
2023-10-29 22:06:58.001 DEBUG 87015 --- [http-nio-8081-exec-10] o.s.w.s.m.m.a.HttpEntityMethodProcessor  : Using 'application/json', given [*/*] and supported [application/json, application/*+json, application/json, application/*+json]
2023-10-29 22:06:58.001 DEBUG 87015 --- [http-nio-8081-exec-10] o.s.w.s.m.m.a.HttpEntityMethodProcessor  : Writing [[co.edu.javeriana.ctai.tgsecurity.entities.auxillary.OrderResponse@78b5c71d, co.edu.javeriana.ctai.t (truncated)...]
2023-10-29 22:06:58.004 DEBUG 87015 --- [http-nio-8081-exec-10] o.s.web.servlet.DispatcherServlet        : Completed 200 OK
2023-10-29 22:07:20.086 DEBUG 87015 --- [http-nio-8081-exec-2] o.s.web.servlet.DispatcherServlet        : GET "/api/user/get/order/cedula=1", parameters={}
2023-10-29 22:07:20.087 DEBUG 87015 --- [http-nio-8081-exec-2] s.w.s.m.m.a.RequestMappingHandlerMapping : Mapped to co.edu.javeriana.ctai.tgsecurity.controller.web.users.GetController#getOrdersByCedula(String)
2023-10-29 22:07:20.094 DEBUG 87015 --- [http-nio-8081-exec-2] o.s.web.client.RestTemplate              : HTTP GET http://localhost:8080/api/admin/orders
2023-10-29 22:07:20.094 DEBUG 87015 --- [http-nio-8081-exec-2] o.s.web.client.RestTemplate              : Accept=[text/plain, application/json, application/*+json, */*]
2023-10-29 22:07:21.370 DEBUG 87015 --- [http-nio-8081-exec-2] o.s.web.client.RestTemplate              : Response 200 OK
2023-10-29 22:07:21.370 DEBUG 87015 --- [http-nio-8081-exec-2] o.s.web.client.RestTemplate              : Reading to [java.lang.String] as "application/json"
2023-10-29 22:07:21.390  INFO 87015 --- [http-nio-8081-exec-2] c.e.j.c.t.services.external.OrderFilter  : Números de Orden: [4825, 4824, 4823, 4822, 4821, 4820, 4819, 4818, 4817, 4816, 4815, 4814, 4813, 4812, 4811, 4810, 4809, 4808, 4807, 4806, 4805, 4804, 4803, 4802, 4801, 4800, 4799, 4797, 4794, 4793, 4792, 4791, 3456, 3455, 3445, 3443, 3442, 3440, 3438, 3437, 3430, 3426, 3424, 3423, 3417, 3416, 3415, 3414, 3413, 3409, 3408, 3407, 3406, 3405, 3394, 3392, 3391, 3390, 3389, 3388, 3387, 3386, 3385, 3384, 3381, 3380, 3379, 3378, 3248, 3247, 3219, 3203, 3202, 3201, 3200, 2977, 2976, 2974, 2973, 2972, 2971, 2970, 2969, 2968, 2966, 2965, 2964, 2962, 2961, 2957, 2830, 2829, 2828, 2826, 2825, 2824, 2823, 2822, 2821, 2820, 2819, 2818, 2817, 2816, 2815, 2814, 2813, 2812, 2808, 2807, 2806, 2805, 2804, 2802, 2801, 2799, 2798, 2796, 2794, 2793, 2792, 2791, 2790, 2788, 2786, 2785, 2784, 2783, 2782, 2781, 2777, 2776, 2775, 2774, 2772, 2770, 2766, 2763, 2762, 2761, 2759, 2758, 2757, 2756, 2755, 2751, 2750, 2749, 2745, 2744, 2741, 2740, 2739, 2738, 2737, 2736, 2735, 2734, 2731, 2730, 2729, 2728, 2727, 2726, 2724, 2723, 2722, 2720, 2719, 2718, 2717, 2715, 2714, 2713, 2712, 2711, 2710, 2709, 2708, 2707, 2706, 2705, 2704, 2703, 2702, 2701, 2700, 2699, 2698, 2697, 2688, 2687, 2685, 2681, 2680, 2679, 2678, 2677, 2676, 2675, 2673, 2669, 2668, 2667, 2665, 2664, 2662, 2661, 2660, 2659, 2658, 2657, 2656, 2655, 2654, 2653, 2652, 2651, 2650, 2648, 2647, 2646, 2645, 2644, 2643, 2642, 2641, 2640, 2639, 2638, 2637, 2634, 2633, 2632, 2631, 2630, 2629, 2628, 2627, 2626, 2625, 2624, 2623, 2622, 2621, 2620, 2619, 2618, 2617, 2616, 2615, 2614, 2613, 2612, 2611, 2610, 2609, 2608, 2606, 2602, 2601, 2599, 2598, 2597, 2596, 2595, 2594, 2591, 2590, 2589, 2588, 2587, 2586, 2585, 2584, 2583, 2578, 2577, 2576, 2575, 2572, 2571, 2569, 2568, 2567, 2565, 2564, 2563, 2562, 2560, 2559, 2558, 2557, 2556, 2555, 2554, 2553, 2552, 2551, 2550, 2549, 2548, 2547, 2546, 2545, 2544, 2543, 2542, 2541, 2540, 2539, 2538, 2537, 2534, 2533, 2532, 2531, 2530, 2529, 2526, 2525, 2524, 2523, 2522, 2521, 2520, 2519, 2518, 2517, 2516, 2515, 2514, 2513, 2512, 2511, 2510, 2509, 2508, 2505, 2497, 2496, 2495, 2494, 2492, 2491, 2490, 2489, 2487, 2486, 2485, 2484, 2483, 2482, 2481, 2480, 2479, 2478, 2477, 2476, 2475, 2474, 2473, 2472, 2471, 2470, 2469, 2464, 2461, 2460, 2459, 2457, 2456, 2455, 2454, 2453, 2452, 2451, 2450, 2449, 2447, 2446, 2445, 2444, 2443, 2442, 2435, 2434, 2433, 2432, 2431, 2430, 2428, 2426, 2424, 2422, 2419, 2417, 2416, 2413, 2408, 2407, 2405, 2404, 2403, 2400, 2396, 2395, 2394, 2393, 2392, 2391, 2390, 2388, 2387, 2384, 2382, 2381, 2379, 2377, 2376, 2375, 2374, 2373, 2372, 2366, 2365, 2363, 2362, 2361, 2357, 2356, 2355, 2354, 2353, 2352, 2351, 2350, 2349, 2348, 2347, 2346, 2345, 2344, 2343, 2342, 2341, 2340, 2339, 2338, 2337, 2336, 2335, 2334, 2333, 2332, 2331, 2330, 2329, 2328, 2327, 2326, 2325, 2323, 2321, 2320, 2319, 2318, 2317, 2316, 2315, 2314, 2312, 2309, 2307, 2306, 2305, 2303, 2302, 2299, 2298, 2297, 2296, 2293, 2292, 2289, 2284, 2283, 2282, 2280, 2279, 2278, 2276, 2275, 2274, 2273, 2272, 2271, 2270, 2269, 2268, 2267, 2266, 2265, 2263, 2259, 2258, 2257, 2256, 2255, 2254, 2253, 2252, 2251, 2250, 2249, 2248, 2247, 2245, 2244, 2243, 2242, 2241, 2240, 2239, 2235, 2234, 2233, 2232, 2231, 2229, 2228, 2227, 2226, 2225, 2224, 2223, 2222, 2221, 2220, 2219, 2218, 2214, 2212, 2209, 2208, 2207, 2206, 2205, 2203, 2202, 2200, 2198, 2197, 2196, 2194, 2192, 2191, 2190, 2189, 2187, 2186, 2184, 2183, 2182, 2181, 2179, 2178, 2177, 2173, 2172, 2171, 2170, 2168, 2167, 2163, 2162, 2161, 2160, 2158, 2156, 2146, 2144, 2142, 2140, 2136, 2135, 2134, 2133, 2131, 2130, 2129, 2125, 2123, 2117, 2116, 2113, 2112, 2111, 2110, 2109, 2107, 2106, 2104, 2102, 2101, 2100, 2099, 2097, 2094, 1050, 1049, 1048, 1047, 1046, 1045, 1044, 1043, 1042, 1041, 1040, 1039, 1038, 1037, 1036, 1035, 1034, 1033, 1032, 1031, 1030, 1029, 1028, 1027, 1026, 1025, 1024, 1023, 1022, 1021, 1020, 1019, 1018, 1017, 1016, 1015, 1014, 1013, 1012, 1011, 1010, 1009, 1008, 1007, 1006, 1005, 1004, 1003, 1002, 1001, 1000, 1]
2023-10-29 22:07:21.391 DEBUG 87015 --- [http-nio-8081-exec-2] o.s.w.s.m.m.a.HttpEntityMethodProcessor  : Using 'application/json', given [*/*] and supported [application/json, application/*+json, application/json, application/*+json]
2023-10-29 22:07:21.391 DEBUG 87015 --- [http-nio-8081-exec-2] o.s.w.s.m.m.a.HttpEntityMethodProcessor  : Writing [[co.edu.javeriana.ctai.tgsecurity.entities.auxillary.OrderResponse@f35e551, co.edu.javeriana.ctai.tg (truncated)...]
2023-10-29 22:07:21.395 DEBUG 87015 --- [http-nio-8081-exec-2] o.s.web.servlet.DispatcherServlet        : Completed 200 OK
2023-10-29 22:07:44.506 ERROR 87015 --- [http-nio-8081-exec-1] c.e.j.c.t.security.jwt.JwtTokenUtil      : JWT token is expired: JWT expired at 2023-10-29T22:07:44Z. Current time: 2023-10-29T22:07:44Z, a difference of 506 milliseconds.  Allowed clock skew: 0 milliseconds.
2023-10-29 22:07:44.507 ERROR 87015 --- [http-nio-8081-exec-1] c.e.j.c.t.s.jwt.JwtAuthEntryPoint        : Unauthorized error: Full authentication is required to access this resource
2023-10-29 22:07:44.508 DEBUG 87015 --- [http-nio-8081-exec-1] o.s.web.servlet.DispatcherServlet        : "ERROR" dispatch for GET "/error", parameters={}
2023-10-29 22:07:44.509 DEBUG 87015 --- [http-nio-8081-exec-1] s.w.s.m.m.a.RequestMappingHandlerMapping : Mapped to org.springframework.boot.autoconfigure.web.servlet.error.BasicErrorController#error(HttpServletRequest)
2023-10-29 22:07:44.510 DEBUG 87015 --- [http-nio-8081-exec-1] o.s.w.s.m.m.a.HttpEntityMethodProcessor  : Using 'application/json', given [*/*] and supported [application/json, application/*+json, application/json, application/*+json]
2023-10-29 22:07:44.511 DEBUG 87015 --- [http-nio-8081-exec-1] o.s.w.s.m.m.a.HttpEntityMethodProcessor  : Writing [{timestamp=Sun Oct 29 22:07:44 COT 2023, status=401, error=Unauthorized, path=/api/user/get/order/ce (truncated)...]
2023-10-29 22:07:44.513 DEBUG 87015 --- [http-nio-8081-exec-1] o.s.web.servlet.DispatcherServlet        : Exiting from "ERROR" dispatch, status 401
2023-10-29 22:07:46.006 ERROR 87015 --- [http-nio-8081-exec-3] c.e.j.c.t.security.jwt.JwtTokenUtil      : JWT token is expired: JWT expired at 2023-10-29T22:07:44Z. Current time: 2023-10-29T22:07:46Z, a difference of 2006 milliseconds.  Allowed clock skew: 0 milliseconds.
2023-10-29 22:07:46.006 ERROR 87015 --- [http-nio-8081-exec-3] c.e.j.c.t.s.jwt.JwtAuthEntryPoint        : Unauthorized error: Full authentication is required to access this resource
2023-10-29 22:07:46.008 DEBUG 87015 --- [http-nio-8081-exec-3] o.s.web.servlet.DispatcherServlet        : "ERROR" dispatch for GET "/error", parameters={}
2023-10-29 22:07:46.008 DEBUG 87015 --- [http-nio-8081-exec-3] s.w.s.m.m.a.RequestMappingHandlerMapping : Mapped to org.springframework.boot.autoconfigure.web.servlet.error.BasicErrorController#error(HttpServletRequest)
2023-10-29 22:07:46.009 DEBUG 87015 --- [http-nio-8081-exec-3] o.s.w.s.m.m.a.HttpEntityMethodProcessor  : Using 'application/json', given [*/*] and supported [application/json, application/*+json, application/json, application/*+json]
2023-10-29 22:07:46.010 DEBUG 87015 --- [http-nio-8081-exec-3] o.s.w.s.m.m.a.HttpEntityMethodProcessor  : Writing [{timestamp=Sun Oct 29 22:07:46 COT 2023, status=401, error=Unauthorized, path=/api/user/get/order/ce (truncated)...]
2023-10-29 22:07:46.011 DEBUG 87015 --- [http-nio-8081-exec-3] o.s.web.servlet.DispatcherServlet        : Exiting from "ERROR" dispatch, status 401
2023-10-29 22:08:15.096 DEBUG 87015 --- [http-nio-8081-exec-4] o.s.web.servlet.DispatcherServlet        : POST "/api/auth/login", parameters={}
2023-10-29 22:08:15.096 DEBUG 87015 --- [http-nio-8081-exec-4] s.w.s.m.m.a.RequestMappingHandlerMapping : Mapped to co.edu.javeriana.ctai.tgsecurity.controller.web.AuthController#login(String)
2023-10-29 22:08:15.215  INFO 87015 --- [http-nio-8081-exec-4] c.e.j.c.t.controller.web.AuthController  : User '{}' has successfully logged in 
2023-10-29 22:08:15.216 DEBUG 87015 --- [http-nio-8081-exec-4] o.s.w.s.m.m.a.HttpEntityMethodProcessor  : Using 'application/json', given [*/*] and supported [application/json, application/*+json, application/json, application/*+json]
2023-10-29 22:08:15.216 DEBUG 87015 --- [http-nio-8081-exec-4] o.s.w.s.m.m.a.HttpEntityMethodProcessor  : Writing [co.edu.javeriana.ctai.tgsecurity.security.payload.JwtResponse@11a0e237]
2023-10-29 22:08:15.218 DEBUG 87015 --- [http-nio-8081-exec-4] o.s.web.servlet.DispatcherServlet        : Completed 200 OK
2023-10-29 22:08:31.148 DEBUG 87015 --- [http-nio-8081-exec-5] o.s.web.servlet.DispatcherServlet        : GET "/api/user/get/order/cedula=2", parameters={}
2023-10-29 22:08:31.150 DEBUG 87015 --- [http-nio-8081-exec-5] s.w.s.m.m.a.RequestMappingHandlerMapping : Mapped to co.edu.javeriana.ctai.tgsecurity.controller.web.users.GetController#getOrdersByCedula(String)
2023-10-29 22:08:31.156 DEBUG 87015 --- [http-nio-8081-exec-5] o.s.web.client.RestTemplate              : HTTP GET http://localhost:8080/api/admin/orders
2023-10-29 22:08:31.157 DEBUG 87015 --- [http-nio-8081-exec-5] o.s.web.client.RestTemplate              : Accept=[text/plain, application/json, application/*+json, */*]
2023-10-29 22:08:32.461 DEBUG 87015 --- [http-nio-8081-exec-5] o.s.web.client.RestTemplate              : Response 200 OK
2023-10-29 22:08:32.461 DEBUG 87015 --- [http-nio-8081-exec-5] o.s.web.client.RestTemplate              : Reading to [java.lang.String] as "application/json"
2023-10-29 22:08:32.479  INFO 87015 --- [http-nio-8081-exec-5] c.e.j.c.t.services.external.OrderFilter  : Números de Orden: [4825, 4824, 4823, 4822, 4821, 4820, 4819, 4818, 4817, 4816, 4815, 4814, 4813, 4812, 4811, 4810, 4809, 4808, 4807, 4806, 4805, 4804, 4803, 4802, 4801, 4800, 4799, 4797, 4794, 4793, 4792, 4791, 3456, 3455, 3445, 3443, 3442, 3440, 3438, 3437, 3430, 3426, 3424, 3423, 3417, 3416, 3415, 3414, 3413, 3409, 3408, 3407, 3406, 3405, 3394, 3392, 3391, 3390, 3389, 3388, 3387, 3386, 3385, 3384, 3381, 3380, 3379, 3378, 3248, 3247, 3219, 3203, 3202, 3201, 3200, 2977, 2976, 2974, 2973, 2972, 2971, 2970, 2969, 2968, 2966, 2965, 2964, 2962, 2961, 2957, 2830, 2829, 2828, 2826, 2825, 2824, 2823, 2822, 2821, 2820, 2819, 2818, 2817, 2816, 2815, 2814, 2813, 2812, 2808, 2807, 2806, 2805, 2804, 2802, 2801, 2799, 2798, 2796, 2794, 2793, 2792, 2791, 2790, 2788, 2786, 2785, 2784, 2783, 2782, 2781, 2777, 2776, 2775, 2774, 2772, 2770, 2766, 2763, 2762, 2761, 2759, 2758, 2757, 2756, 2755, 2751, 2750, 2749, 2745, 2744, 2741, 2740, 2739, 2738, 2737, 2736, 2735, 2734, 2731, 2730, 2729, 2728, 2727, 2726, 2724, 2723, 2722, 2720, 2719, 2718, 2717, 2715, 2714, 2713, 2712, 2711, 2710, 2709, 2708, 2707, 2706, 2705, 2704, 2703, 2702, 2701, 2700, 2699, 2698, 2697, 2688, 2687, 2685, 2681, 2680, 2679, 2678, 2677, 2676, 2675, 2673, 2669, 2668, 2667, 2665, 2664, 2662, 2661, 2660, 2659, 2658, 2657, 2656, 2655, 2654, 2653, 2652, 2651, 2650, 2648, 2647, 2646, 2645, 2644, 2643, 2642, 2641, 2640, 2639, 2638, 2637, 2634, 2633, 2632, 2631, 2630, 2629, 2628, 2627, 2626, 2625, 2624, 2623, 2622, 2621, 2620, 2619, 2618, 2617, 2616, 2615, 2614, 2613, 2612, 2611, 2610, 2609, 2608, 2606, 2602, 2601, 2599, 2598, 2597, 2596, 2595, 2594, 2591, 2590, 2589, 2588, 2587, 2586, 2585, 2584, 2583, 2578, 2577, 2576, 2575, 2572, 2571, 2569, 2568, 2567, 2565, 2564, 2563, 2562, 2560, 2559, 2558, 2557, 2556, 2555, 2554, 2553, 2552, 2551, 2550, 2549, 2548, 2547, 2546, 2545, 2544, 2543, 2542, 2541, 2540, 2539, 2538, 2537, 2534, 2533, 2532, 2531, 2530, 2529, 2526, 2525, 2524, 2523, 2522, 2521, 2520, 2519, 2518, 2517, 2516, 2515, 2514, 2513, 2512, 2511, 2510, 2509, 2508, 2505, 2497, 2496, 2495, 2494, 2492, 2491, 2490, 2489, 2487, 2486, 2485, 2484, 2483, 2482, 2481, 2480, 2479, 2478, 2477, 2476, 2475, 2474, 2473, 2472, 2471, 2470, 2469, 2464, 2461, 2460, 2459, 2457, 2456, 2455, 2454, 2453, 2452, 2451, 2450, 2449, 2447, 2446, 2445, 2444, 2443, 2442, 2435, 2434, 2433, 2432, 2431, 2430, 2428, 2426, 2424, 2422, 2419, 2417, 2416, 2413, 2408, 2407, 2405, 2404, 2403, 2400, 2396, 2395, 2394, 2393, 2392, 2391, 2390, 2388, 2387, 2384, 2382, 2381, 2379, 2377, 2376, 2375, 2374, 2373, 2372, 2366, 2365, 2363, 2362, 2361, 2357, 2356, 2355, 2354, 2353, 2352, 2351, 2350, 2349, 2348, 2347, 2346, 2345, 2344, 2343, 2342, 2341, 2340, 2339, 2338, 2337, 2336, 2335, 2334, 2333, 2332, 2331, 2330, 2329, 2328, 2327, 2326, 2325, 2323, 2321, 2320, 2319, 2318, 2317, 2316, 2315, 2314, 2312, 2309, 2307, 2306, 2305, 2303, 2302, 2299, 2298, 2297, 2296, 2293, 2292, 2289, 2284, 2283, 2282, 2280, 2279, 2278, 2276, 2275, 2274, 2273, 2272, 2271, 2270, 2269, 2268, 2267, 2266, 2265, 2263, 2259, 2258, 2257, 2256, 2255, 2254, 2253, 2252, 2251, 2250, 2249, 2248, 2247, 2245, 2244, 2243, 2242, 2241, 2240, 2239, 2235, 2234, 2233, 2232, 2231, 2229, 2228, 2227, 2226, 2225, 2224, 2223, 2222, 2221, 2220, 2219, 2218, 2214, 2212, 2209, 2208, 2207, 2206, 2205, 2203, 2202, 2200, 2198, 2197, 2196, 2194, 2192, 2191, 2190, 2189, 2187, 2186, 2184, 2183, 2182, 2181, 2179, 2178, 2177, 2173, 2172, 2171, 2170, 2168, 2167, 2163, 2162, 2161, 2160, 2158, 2156, 2146, 2144, 2142, 2140, 2136, 2135, 2134, 2133, 2131, 2130, 2129, 2125, 2123, 2117, 2116, 2113, 2112, 2111, 2110, 2109, 2107, 2106, 2104, 2102, 2101, 2100, 2099, 2097, 2094, 1050, 1049, 1048, 1047, 1046, 1045, 1044, 1043, 1042, 1041, 1040, 1039, 1038, 1037, 1036, 1035, 1034, 1033, 1032, 1031, 1030, 1029, 1028, 1027, 1026, 1025, 1024, 1023, 1022, 1021, 1020, 1019, 1018, 1017, 1016, 1015, 1014, 1013, 1012, 1011, 1010, 1009, 1008, 1007, 1006, 1005, 1004, 1003, 1002, 1001, 1000, 1]
2023-10-29 22:08:32.480 DEBUG 87015 --- [http-nio-8081-exec-5] o.s.w.s.m.m.a.HttpEntityMethodProcessor  : Using 'application/json', given [*/*] and supported [application/json, application/*+json, application/json, application/*+json]
2023-10-29 22:08:32.481 DEBUG 87015 --- [http-nio-8081-exec-5] o.s.w.s.m.m.a.HttpEntityMethodProcessor  : Writing [[]]
2023-10-29 22:08:32.485 DEBUG 87015 --- [http-nio-8081-exec-5] o.s.web.servlet.DispatcherServlet        : Completed 200 OK
2023-10-29 22:08:37.416 DEBUG 87015 --- [http-nio-8081-exec-6] o.s.web.servlet.DispatcherServlet        : GET "/api/user/get/order/cedula=1", parameters={}
2023-10-29 22:08:37.417 DEBUG 87015 --- [http-nio-8081-exec-6] s.w.s.m.m.a.RequestMappingHandlerMapping : Mapped to co.edu.javeriana.ctai.tgsecurity.controller.web.users.GetController#getOrdersByCedula(String)
2023-10-29 22:08:37.424 DEBUG 87015 --- [http-nio-8081-exec-6] o.s.web.client.RestTemplate              : HTTP GET http://localhost:8080/api/admin/orders
2023-10-29 22:08:37.425 DEBUG 87015 --- [http-nio-8081-exec-6] o.s.web.client.RestTemplate              : Accept=[text/plain, application/json, application/*+json, */*]
2023-10-29 22:08:38.733 DEBUG 87015 --- [http-nio-8081-exec-6] o.s.web.client.RestTemplate              : Response 200 OK
2023-10-29 22:08:38.734 DEBUG 87015 --- [http-nio-8081-exec-6] o.s.web.client.RestTemplate              : Reading to [java.lang.String] as "application/json"
2023-10-29 22:08:38.746  INFO 87015 --- [http-nio-8081-exec-6] c.e.j.c.t.services.external.OrderFilter  : Números de Orden: [4825, 4824, 4823, 4822, 4821, 4820, 4819, 4818, 4817, 4816, 4815, 4814, 4813, 4812, 4811, 4810, 4809, 4808, 4807, 4806, 4805, 4804, 4803, 4802, 4801, 4800, 4799, 4797, 4794, 4793, 4792, 4791, 3456, 3455, 3445, 3443, 3442, 3440, 3438, 3437, 3430, 3426, 3424, 3423, 3417, 3416, 3415, 3414, 3413, 3409, 3408, 3407, 3406, 3405, 3394, 3392, 3391, 3390, 3389, 3388, 3387, 3386, 3385, 3384, 3381, 3380, 3379, 3378, 3248, 3247, 3219, 3203, 3202, 3201, 3200, 2977, 2976, 2974, 2973, 2972, 2971, 2970, 2969, 2968, 2966, 2965, 2964, 2962, 2961, 2957, 2830, 2829, 2828, 2826, 2825, 2824, 2823, 2822, 2821, 2820, 2819, 2818, 2817, 2816, 2815, 2814, 2813, 2812, 2808, 2807, 2806, 2805, 2804, 2802, 2801, 2799, 2798, 2796, 2794, 2793, 2792, 2791, 2790, 2788, 2786, 2785, 2784, 2783, 2782, 2781, 2777, 2776, 2775, 2774, 2772, 2770, 2766, 2763, 2762, 2761, 2759, 2758, 2757, 2756, 2755, 2751, 2750, 2749, 2745, 2744, 2741, 2740, 2739, 2738, 2737, 2736, 2735, 2734, 2731, 2730, 2729, 2728, 2727, 2726, 2724, 2723, 2722, 2720, 2719, 2718, 2717, 2715, 2714, 2713, 2712, 2711, 2710, 2709, 2708, 2707, 2706, 2705, 2704, 2703, 2702, 2701, 2700, 2699, 2698, 2697, 2688, 2687, 2685, 2681, 2680, 2679, 2678, 2677, 2676, 2675, 2673, 2669, 2668, 2667, 2665, 2664, 2662, 2661, 2660, 2659, 2658, 2657, 2656, 2655, 2654, 2653, 2652, 2651, 2650, 2648, 2647, 2646, 2645, 2644, 2643, 2642, 2641, 2640, 2639, 2638, 2637, 2634, 2633, 2632, 2631, 2630, 2629, 2628, 2627, 2626, 2625, 2624, 2623, 2622, 2621, 2620, 2619, 2618, 2617, 2616, 2615, 2614, 2613, 2612, 2611, 2610, 2609, 2608, 2606, 2602, 2601, 2599, 2598, 2597, 2596, 2595, 2594, 2591, 2590, 2589, 2588, 2587, 2586, 2585, 2584, 2583, 2578, 2577, 2576, 2575, 2572, 2571, 2569, 2568, 2567, 2565, 2564, 2563, 2562, 2560, 2559, 2558, 2557, 2556, 2555, 2554, 2553, 2552, 2551, 2550, 2549, 2548, 2547, 2546, 2545, 2544, 2543, 2542, 2541, 2540, 2539, 2538, 2537, 2534, 2533, 2532, 2531, 2530, 2529, 2526, 2525, 2524, 2523, 2522, 2521, 2520, 2519, 2518, 2517, 2516, 2515, 2514, 2513, 2512, 2511, 2510, 2509, 2508, 2505, 2497, 2496, 2495, 2494, 2492, 2491, 2490, 2489, 2487, 2486, 2485, 2484, 2483, 2482, 2481, 2480, 2479, 2478, 2477, 2476, 2475, 2474, 2473, 2472, 2471, 2470, 2469, 2464, 2461, 2460, 2459, 2457, 2456, 2455, 2454, 2453, 2452, 2451, 2450, 2449, 2447, 2446, 2445, 2444, 2443, 2442, 2435, 2434, 2433, 2432, 2431, 2430, 2428, 2426, 2424, 2422, 2419, 2417, 2416, 2413, 2408, 2407, 2405, 2404, 2403, 2400, 2396, 2395, 2394, 2393, 2392, 2391, 2390, 2388, 2387, 2384, 2382, 2381, 2379, 2377, 2376, 2375, 2374, 2373, 2372, 2366, 2365, 2363, 2362, 2361, 2357, 2356, 2355, 2354, 2353, 2352, 2351, 2350, 2349, 2348, 2347, 2346, 2345, 2344, 2343, 2342, 2341, 2340, 2339, 2338, 2337, 2336, 2335, 2334, 2333, 2332, 2331, 2330, 2329, 2328, 2327, 2326, 2325, 2323, 2321, 2320, 2319, 2318, 2317, 2316, 2315, 2314, 2312, 2309, 2307, 2306, 2305, 2303, 2302, 2299, 2298, 2297, 2296, 2293, 2292, 2289, 2284, 2283, 2282, 2280, 2279, 2278, 2276, 2275, 2274, 2273, 2272, 2271, 2270, 2269, 2268, 2267, 2266, 2265, 2263, 2259, 2258, 2257, 2256, 2255, 2254, 2253, 2252, 2251, 2250, 2249, 2248, 2247, 2245, 2244, 2243, 2242, 2241, 2240, 2239, 2235, 2234, 2233, 2232, 2231, 2229, 2228, 2227, 2226, 2225, 2224, 2223, 2222, 2221, 2220, 2219, 2218, 2214, 2212, 2209, 2208, 2207, 2206, 2205, 2203, 2202, 2200, 2198, 2197, 2196, 2194, 2192, 2191, 2190, 2189, 2187, 2186, 2184, 2183, 2182, 2181, 2179, 2178, 2177, 2173, 2172, 2171, 2170, 2168, 2167, 2163, 2162, 2161, 2160, 2158, 2156, 2146, 2144, 2142, 2140, 2136, 2135, 2134, 2133, 2131, 2130, 2129, 2125, 2123, 2117, 2116, 2113, 2112, 2111, 2110, 2109, 2107, 2106, 2104, 2102, 2101, 2100, 2099, 2097, 2094, 1050, 1049, 1048, 1047, 1046, 1045, 1044, 1043, 1042, 1041, 1040, 1039, 1038, 1037, 1036, 1035, 1034, 1033, 1032, 1031, 1030, 1029, 1028, 1027, 1026, 1025, 1024, 1023, 1022, 1021, 1020, 1019, 1018, 1017, 1016, 1015, 1014, 1013, 1012, 1011, 1010, 1009, 1008, 1007, 1006, 1005, 1004, 1003, 1002, 1001, 1000, 1]
2023-10-29 22:08:38.747 DEBUG 87015 --- [http-nio-8081-exec-6] o.s.w.s.m.m.a.HttpEntityMethodProcessor  : Using 'application/json', given [*/*] and supported [application/json, application/*+json, application/json, application/*+json]
2023-10-29 22:08:38.748 DEBUG 87015 --- [http-nio-8081-exec-6] o.s.w.s.m.m.a.HttpEntityMethodProcessor  : Writing [[co.edu.javeriana.ctai.tgsecurity.entities.auxillary.OrderResponse@68a058ae, co.edu.javeriana.ctai.t (truncated)...]
2023-10-29 22:08:38.750 DEBUG 87015 --- [http-nio-8081-exec-6] o.s.web.servlet.DispatcherServlet        : Completed 200 OK
